<?xml version="1.0" encoding="UTF-8"?>
<!-- Generated by org.testng.reporters.JUnitReportReporter -->
<testsuite skipped="2" hostname="DESKTOP-7JETSFH" name="httpmethodsdemo.GetDemo" tests="3" failures="0" timestamp="2024-01-19T15:46:34 IST" time="5.222" errors="0">
  <testcase name="getIncident" time="5.222" classname="httpmethodsdemo.GetDemo"/>
  <system-out/>
  <testcase name="getRequest" classname="httpmethodsdemo.GetDemo">
    <skipped/>
  </testcase> <!-- getRequest -->
  <system-out/>
  <testcase name="getRequestDemo" classname="httpmethodsdemo.GetDemo">
    <skipped/>
  </testcase> <!-- getRequestDemo -->
  <system-out/>
</testsuite> <!-- httpmethodsdemo.GetDemo -->
