<?xml version="1.0" encoding="UTF-8"?>
<!-- Generated by org.testng.reporters.JUnitReportReporter -->
<testsuite skipped="2" hostname="DESKTOP-7JETSFH" name="getdemo.GetDemo" tests="3" failures="0" timestamp="2023-12-25T13:17:28 IST" time="4.364" errors="0">
  <testcase name="getIncident" time="4.364" classname="getdemo.GetDemo"/>
  <system-out/>
  <testcase name="getRequest" classname="getdemo.GetDemo">
    <skipped/>
  </testcase> <!-- getRequest -->
  <system-out/>
  <testcase name="getRequestDemo" classname="getdemo.GetDemo">
    <skipped/>
  </testcase> <!-- getRequestDemo -->
  <system-out/>
</testsuite> <!-- getdemo.GetDemo -->
