<?xml version="1.0" encoding="UTF-8"?>
<!-- Generated by org.testng.reporters.JUnitReportReporter -->
<testsuite skipped="1" hostname="DESKTOP-7JETSFH" name="getdemo.PostDemo" tests="2" failures="0" timestamp="2023-12-25T15:15:45 IST" time="4.714" errors="0">
  <testcase name="createIncidentFile" time="4.714" classname="getdemo.PostDemo"/>
  <system-out/>
  <testcase name="createIncident" classname="getdemo.PostDemo">
    <skipped/>
  </testcase> <!-- createIncident -->
  <system-out/>
</testsuite> <!-- getdemo.PostDemo -->
