<?xml version="1.0" encoding="UTF-8"?>
<!-- Generated by org.testng.reporters.JUnitReportReporter -->
<testsuite skipped="3" hostname="DESKTOP-7JETSFH" name="assertiondemo.AssertionsDemo" tests="4" failures="0" timestamp="2023-12-25T18:22:31 IST" time="5.898" errors="0">
  <testcase name="assertComparesEqualTo" time="5.898" classname="assertiondemo.AssertionsDemo"/>
  <system-out/>
  <testcase name="assertcode" classname="assertiondemo.AssertionsDemo">
    <skipped/>
  </testcase> <!-- assertcode -->
  <system-out/>
  <testcase name="assertContainsString" classname="assertiondemo.AssertionsDemo">
    <skipped/>
  </testcase> <!-- assertContainsString -->
  <system-out/>
  <testcase name="assertHasNext" classname="assertiondemo.AssertionsDemo">
    <skipped/>
  </testcase> <!-- assertHasNext -->
  <system-out/>
</testsuite> <!-- assertiondemo.AssertionsDemo -->
