<?xml version="1.0" encoding="UTF-8"?>
<!-- Generated by org.testng.reporters.JUnitReportReporter -->
<testsuite skipped="1" hostname="DESKTOP-7JETSFH" name="jsontranspose.JSONTransverse" tests="2" failures="0" timestamp="2023-12-25T17:18:03 IST" time="5.866" errors="0">
  <testcase name="getIncident" time="5.866" classname="jsontranspose.JSONTransverse"/>
  <system-out/>
  <testcase name="createIncidentFile" classname="jsontranspose.JSONTransverse">
    <skipped/>
  </testcase> <!-- createIncidentFile -->
  <system-out/>
</testsuite> <!-- jsontranspose.JSONTransverse -->
