<?xml version="1.0" encoding="UTF-8"?>
<!-- Generated by org.testng.reporters.JUnitReportReporter -->
<testsuite skipped="0" hostname="DESKTOP-7JETSFH" name="getdemo.LogDemo" tests="1" failures="0" timestamp="2023-12-25T16:17:27 IST" time="4.367" errors="0">
  <testcase name="createIncidentFile" time="4.367" classname="getdemo.LogDemo"/>
  <system-out/>
</testsuite> <!-- getdemo.LogDemo -->
